<?xml version="1.0" encoding="UTF-8"?>
<testng-results skipped="0" failed="0" ignored="0" total="2" passed="2">
  <reporter-output>
  </reporter-output>
  <suite name="InetBankingV1" duration-ms="27350" started-at="2019-07-22T21:32:46Z" finished-at="2019-07-22T21:33:14Z">
    <groups>
    </groups>
    <test name="BankingApp Test" duration-ms="27350" started-at="2019-07-22T21:32:46Z" finished-at="2019-07-22T21:33:14Z">
      <class name="com.inetBanking.testCases.TC_AddCustomerTest_003">
        <test-method status="PASS" signature="setup(java.lang.String)[pri:0, instance:com.inetBanking.testCases.TC_AddCustomerTest_003@30c7da1e]" name="setup" is-config="true" duration-ms="4423" started-at="2019-07-22T21:32:54Z" finished-at="2019-07-22T21:32:59Z">
          <params>
            <param index="0">
              <value>
                <![CDATA[chrome]]>
              </value>
            </param>
          </params>
          <reporter-output>
          </reporter-output>
        </test-method> <!-- setup -->
        <test-method status="PASS" signature="addNewCustomer()[pri:0, instance:com.inetBanking.testCases.TC_AddCustomerTest_003@30c7da1e]" name="addNewCustomer" duration-ms="13942" started-at="2019-07-22T21:32:59Z" finished-at="2019-07-22T21:33:13Z">
          <reporter-output>
          </reporter-output>
        </test-method> <!-- addNewCustomer -->
        <test-method status="PASS" signature="teardown()[pri:0, instance:com.inetBanking.testCases.TC_AddCustomerTest_003@30c7da1e]" name="teardown" is-config="true" duration-ms="668" started-at="2019-07-22T21:33:13Z" finished-at="2019-07-22T21:33:14Z">
          <reporter-output>
          </reporter-output>
        </test-method> <!-- teardown -->
      </class> <!-- com.inetBanking.testCases.TC_AddCustomerTest_003 -->
      <class name="com.inetBanking.testCases.TC_LoginTest_001">
        <test-method status="PASS" signature="setup(java.lang.String)[pri:0, instance:com.inetBanking.testCases.TC_LoginTest_001@340f438e]" name="setup" is-config="true" duration-ms="6195" started-at="2019-07-22T21:32:47Z" finished-at="2019-07-22T21:32:53Z">
          <params>
            <param index="0">
              <value>
                <![CDATA[chrome]]>
              </value>
            </param>
          </params>
          <reporter-output>
          </reporter-output>
        </test-method> <!-- setup -->
        <test-method status="PASS" signature="loginTest()[pri:0, instance:com.inetBanking.testCases.TC_LoginTest_001@340f438e]" name="loginTest" duration-ms="880" started-at="2019-07-22T21:32:53Z" finished-at="2019-07-22T21:32:54Z">
          <reporter-output>
          </reporter-output>
        </test-method> <!-- loginTest -->
        <test-method status="PASS" signature="teardown()[pri:0, instance:com.inetBanking.testCases.TC_LoginTest_001@340f438e]" name="teardown" is-config="true" duration-ms="848" started-at="2019-07-22T21:32:54Z" finished-at="2019-07-22T21:32:54Z">
          <reporter-output>
          </reporter-output>
        </test-method> <!-- teardown -->
      </class> <!-- com.inetBanking.testCases.TC_LoginTest_001 -->
    </test> <!-- BankingApp Test -->
  </suite> <!-- InetBankingV1 -->
</testng-results>
