<?xml version="1.0" encoding="UTF-8"?>
<testng-results skipped="0" failed="0" ignored="0" total="2" passed="2">
  <reporter-output>
  </reporter-output>
  <suite name="InetBankingV1" duration-ms="28254" started-at="2019-07-22T15:30:58Z" finished-at="2019-07-22T15:31:26Z">
    <groups>
    </groups>
    <test name="BankingApp Test" duration-ms="28254" started-at="2019-07-22T15:30:58Z" finished-at="2019-07-22T15:31:26Z">
      <class name="com.inetBanking.testCases.TC_AddCustomerTest_003">
        <test-method status="PASS" signature="setup(java.lang.String)[pri:0, instance:com.inetBanking.testCases.TC_AddCustomerTest_003@1794d431]" name="setup" is-config="true" duration-ms="5036" started-at="2019-07-22T15:31:07Z" finished-at="2019-07-22T15:31:12Z">
          <params>
            <param index="0">
              <value>
                <![CDATA[chrome]]>
              </value>
            </param>
          </params>
          <reporter-output>
          </reporter-output>
        </test-method> <!-- setup -->
        <test-method status="PASS" signature="addNewCustomer()[pri:0, instance:com.inetBanking.testCases.TC_AddCustomerTest_003@1794d431]" name="addNewCustomer" duration-ms="14050" started-at="2019-07-22T15:31:12Z" finished-at="2019-07-22T15:31:26Z">
          <reporter-output>
          </reporter-output>
        </test-method> <!-- addNewCustomer -->
        <test-method status="PASS" signature="teardown()[pri:0, instance:com.inetBanking.testCases.TC_AddCustomerTest_003@1794d431]" name="teardown" is-config="true" duration-ms="696" started-at="2019-07-22T15:31:26Z" finished-at="2019-07-22T15:31:26Z">
          <reporter-output>
          </reporter-output>
        </test-method> <!-- teardown -->
      </class> <!-- com.inetBanking.testCases.TC_AddCustomerTest_003 -->
      <class name="com.inetBanking.testCases.TC_LoginTest_001">
        <test-method status="PASS" signature="setup(java.lang.String)[pri:0, instance:com.inetBanking.testCases.TC_LoginTest_001@39c0f4a]" name="setup" is-config="true" duration-ms="6311" started-at="2019-07-22T15:30:59Z" finished-at="2019-07-22T15:31:05Z">
          <params>
            <param index="0">
              <value>
                <![CDATA[chrome]]>
              </value>
            </param>
          </params>
          <reporter-output>
          </reporter-output>
        </test-method> <!-- setup -->
        <test-method status="PASS" signature="loginTest()[pri:0, instance:com.inetBanking.testCases.TC_LoginTest_001@39c0f4a]" name="loginTest" duration-ms="1066" started-at="2019-07-22T15:31:05Z" finished-at="2019-07-22T15:31:06Z">
          <reporter-output>
          </reporter-output>
        </test-method> <!-- loginTest -->
        <test-method status="PASS" signature="teardown()[pri:0, instance:com.inetBanking.testCases.TC_LoginTest_001@39c0f4a]" name="teardown" is-config="true" duration-ms="729" started-at="2019-07-22T15:31:06Z" finished-at="2019-07-22T15:31:07Z">
          <reporter-output>
          </reporter-output>
        </test-method> <!-- teardown -->
      </class> <!-- com.inetBanking.testCases.TC_LoginTest_001 -->
    </test> <!-- BankingApp Test -->
  </suite> <!-- InetBankingV1 -->
</testng-results>
